<?xml version="1.0" encoding="UTF-8"?>
<!-- Generated by org.testng.reporters.JUnitReportReporter -->
<testsuite hostname="LAPTOP-HVV08EUT" failures="0" tests="4" name="testscript.LoginTest" time="12.033" errors="0" timestamp="2025-06-09T11:20:36 IST" skipped="0">
  <testcase classname="testscript.LoginTest" name="verifyUserLoginWithValidCredentials" time="3.383"/>
  <testcase classname="testscript.LoginTest" name="verifyUserLoginWithInvalidUsernameAndValidPassword" time="2.672"/>
  <testcase classname="testscript.LoginTest" name="verifyUserLoginWithValidUsernameAndInvalidPassword" time="2.616"/>
  <testcase classname="testscript.LoginTest" name="verifyUserLoginWithInvalidCredential" time="3.362"/>
</testsuite> <!-- testscript.LoginTest -->
