<?xml version="1.0" encoding="UTF-8"?>
<!-- Generated by org.testng.reporters.JUnitReportReporter -->
<testsuite hostname="LAPTOP-HVV08EUT" failures="0" tests="1" name="testscript.LoginTest" time="33.441" errors="0" timestamp="2025-06-18T11:11:01 IST" skipped="0">
  <testcase classname="testscript.LoginTest" name="verifyUserLoginWithValidCredentials" time="33.441"/>
</testsuite> <!-- testscript.LoginTest -->
