<?xml version="1.0" encoding="UTF-8"?>
<!-- Generated by org.testng.reporters.JUnitReportReporter -->
<testsuite hostname="LAPTOP-HVV08EUT" failures="0" tests="2" name="testscript.ManageNewsTest" time="7.106" errors="0" timestamp="2025-06-21T13:48:12 IST" skipped="0">
  <testcase classname="testscript.ManageNewsTest" name="verifyWhetherUserIsAbleToAddNewNews" time="3.703"/>
  <testcase classname="testscript.ManageNewsTest" name="verifyWhetherUserIsAbleToSearchANews" time="3.403"/>
</testsuite> <!-- testscript.ManageNewsTest -->
