<?xml version="1.0" encoding="UTF-8"?>
<!-- Generated by org.testng.reporters.JUnitReportReporter -->
<testsuite hostname="LAPTOP-HVV08EUT" failures="0" tests="1" name="testscript.HomeTest" time="9.819" errors="0" timestamp="2025-06-09T10:46:46 IST" skipped="0">
  <testcase classname="testscript.HomeTest" name="verifyWhetherUserIsAbleToLogoutSuccessfully" time="9.819"/>
</testsuite> <!-- testscript.HomeTest -->
