<?xml version="1.0" encoding="UTF-8"?>
<!-- Generated by org.testng.reporters.JUnitReportReporter -->
<testsuite hostname="LAPTOP-HVV08EUT" failures="0" tests="6" name="testscript.LoginTest" time="18.648" errors="0" timestamp="2025-06-21T13:48:12 IST" skipped="0">
  <testcase classname="testscript.LoginTest" name="verifyUserLoginWithValidCredentials" time="3.386"/>
  <testcase classname="testscript.LoginTest" name="verifyUserLoginWithInvalidUsernameAndValidPassword" time="2.541"/>
  <testcase classname="testscript.LoginTest" name="verifyUserLoginWithValidUsernameAndInvalidPassword" time="5.549"/>
  <testcase classname="testscript.LoginTest" name="verifyUserLoginWithInvalidCredential" time="2.355"/>
  <testcase classname="testscript.LoginTest" name="verifyUserLoginWithInvalidCredential" time="2.511"/>
  <testcase classname="testscript.LoginTest" name="verifyUserLoginWithInvalidCredential" time="2.306"/>
</testsuite> <!-- testscript.LoginTest -->
