<?xml version="1.0" encoding="UTF-8"?>
<!-- Generated by org.testng.reporters.JUnitReportReporter -->
<testsuite hostname="LAPTOP-HVV08EUT" failures="0" tests="1" name="testscript.ManageNewsTest" time="4.468" errors="0" timestamp="2025-05-31T20:04:36 IST" skipped="0">
  <testcase classname="testscript.ManageNewsTest" name="verifyWhetherUserIsAbleToAddNewNews" time="4.468"/>
</testsuite> <!-- testscript.ManageNewsTest -->
