<?xml version="1.0" encoding="UTF-8"?>
<!-- Generated by org.testng.reporters.JUnitReportReporter -->
<testsuite hostname="LAPTOP-HVV08EUT" failures="0" tests="4" name="testscript.LoginTest" time="14.346" errors="0" timestamp="2025-06-16T11:33:24 IST" skipped="0">
  <testcase classname="testscript.LoginTest" name="verifyUserLoginWithValidCredentials" time="4.234"/>
  <testcase classname="testscript.LoginTest" name="verifyUserLoginWithInvalidUsernameAndValidPassword" time="3.049"/>
  <testcase classname="testscript.LoginTest" name="verifyUserLoginWithValidUsernameAndInvalidPassword" time="3.769"/>
  <testcase classname="testscript.LoginTest" name="verifyUserLoginWithInvalidCredential" time="3.294"/>
</testsuite> <!-- testscript.LoginTest -->
