<?xml version="1.0" encoding="UTF-8"?>
<!-- Generated by org.testng.reporters.JUnitReportReporter -->
<testsuite hostname="LAPTOP-HVV08EUT" failures="0" tests="1" name="testscript.AdminUserTest" time="6.030" errors="0" timestamp="2025-06-02T11:16:36 IST" skipped="0">
  <testcase classname="testscript.AdminUserTest" name="verifyWhetherUserIsAbleToAddNewUser" time="6.030"/>
</testsuite> <!-- testscript.AdminUserTest -->
